0 info it worked if it ends with ok
1 verbose cli [ '/Users/jelle/.nvm/versions/node/v6.3.1/bin/node',
1 verbose cli   '/Users/jelle/.nvm/versions/node/v6.3.1/bin/npm',
1 verbose cli   'run',
1 verbose cli   'dev' ]
2 info using npm@3.10.3
3 info using node@v6.3.1
4 verbose run-script [ 'predev', 'dev', 'postdev' ]
5 info lifecycle smooth-zilla@1.0.0~predev: smooth-zilla@1.0.0
6 silly lifecycle smooth-zilla@1.0.0~predev: no script for predev, continuing
7 info lifecycle smooth-zilla@1.0.0~dev: smooth-zilla@1.0.0
8 verbose lifecycle smooth-zilla@1.0.0~dev: unsafe-perm in lifecycle true
9 verbose lifecycle smooth-zilla@1.0.0~dev: PATH: /Users/jelle/.nvm/versions/node/v6.3.1/lib/node_modules/npm/bin/node-gyp-bin:/Users/jelle/Projects/CODEZILLA/smooth-zilla/node_modules/.bin:/Users/jelle/.nvm/versions/node/v6.3.1/bin:/Library/Application Support/GoodSync:/Users/jelle/.nvm/versions/node/v6.3.1/bin:/Users/jelle/bin:/Library/Application Support/GoodSync:/Users/jelle/bin:/usr/local/bin:/usr/bin:/bin:/usr/sbin:/sbin:/opt/X11/bin:/usr/local/MacGPG2/bin
10 verbose lifecycle smooth-zilla@1.0.0~dev: CWD: /Users/jelle/Projects/CODEZILLA/smooth-zilla
11 silly lifecycle smooth-zilla@1.0.0~dev: Args: [ '-c',
11 silly lifecycle   'concurrently --kill-others \'npm run build\' \'node ./node_modules/webpack-dev-server/bin/webpack-dev-server.js\'' ]
12 silly lifecycle smooth-zilla@1.0.0~dev: Returned: code: 1  signal: null
13 info lifecycle smooth-zilla@1.0.0~dev: Failed to exec dev script
14 verbose stack Error: smooth-zilla@1.0.0 dev: `concurrently --kill-others 'npm run build' 'node ./node_modules/webpack-dev-server/bin/webpack-dev-server.js'`
14 verbose stack Exit status 1
14 verbose stack     at EventEmitter.<anonymous> (/Users/jelle/.nvm/versions/node/v6.3.1/lib/node_modules/npm/lib/utils/lifecycle.js:242:16)
14 verbose stack     at emitTwo (events.js:106:13)
14 verbose stack     at EventEmitter.emit (events.js:191:7)
14 verbose stack     at ChildProcess.<anonymous> (/Users/jelle/.nvm/versions/node/v6.3.1/lib/node_modules/npm/lib/utils/spawn.js:40:14)
14 verbose stack     at emitTwo (events.js:106:13)
14 verbose stack     at ChildProcess.emit (events.js:191:7)
14 verbose stack     at maybeClose (internal/child_process.js:852:16)
14 verbose stack     at Process.ChildProcess._handle.onexit (internal/child_process.js:215:5)
15 verbose pkgid smooth-zilla@1.0.0
16 verbose cwd /Users/jelle/Projects/CODEZILLA/smooth-zilla
17 error Darwin 16.3.0
18 error argv "/Users/jelle/.nvm/versions/node/v6.3.1/bin/node" "/Users/jelle/.nvm/versions/node/v6.3.1/bin/npm" "run" "dev"
19 error node v6.3.1
20 error npm  v3.10.3
21 error code ELIFECYCLE
22 error smooth-zilla@1.0.0 dev: `concurrently --kill-others 'npm run build' 'node ./node_modules/webpack-dev-server/bin/webpack-dev-server.js'`
22 error Exit status 1
23 error Failed at the smooth-zilla@1.0.0 dev script 'concurrently --kill-others 'npm run build' 'node ./node_modules/webpack-dev-server/bin/webpack-dev-server.js''.
23 error Make sure you have the latest version of node.js and npm installed.
23 error If you do, this is most likely a problem with the smooth-zilla package,
23 error not with npm itself.
23 error Tell the author that this fails on your system:
23 error     concurrently --kill-others 'npm run build' 'node ./node_modules/webpack-dev-server/bin/webpack-dev-server.js'
23 error You can get information on how to open an issue for this project with:
23 error     npm bugs smooth-zilla
23 error Or if that isn't available, you can get their info via:
23 error     npm owner ls smooth-zilla
23 error There is likely additional logging output above.
24 verbose exit [ 1, true ]
